#
# There is insufficient memory for the Java Runtime Environment to continue.
# Native memory allocation (malloc) failed to allocate 1048576 bytes. Error detail: AllocateHeap
# Possible reasons:
#   The system is out of physical RAM or swap space
#   This process is running with CompressedOops enabled, and the Java Heap may be blocking the growth of the native heap
# Possible solutions:
#   Reduce memory load on the system
#   Increase physical memory or swap space
#   Check if swap backing store is full
#   Decrease Java heap size (-Xmx/-Xms)
#   Decrease number of Java threads
#   Decrease Java thread stack sizes (-Xss)
#   Set larger code cache with -XX:ReservedCodeCacheSize=
#   JVM is running with Unscaled Compressed Oops mode in which the Java heap is
#     placed in the first 4GB address space. The Java Heap base address is the
#     maximum limit for the native heap growth. Please use -XX:HeapBaseMinAddress
#     to set the Java Heap base and to place the Java Heap above 4GB virtual address.
# This output file may be truncated or incomplete.
#
#  Out of Memory Error (allocation.cpp:44), pid=12416, tid=19968
#
# JRE version: OpenJDK Runtime Environment Temurin-21.0.10+7 (21.0.10+7) (build 21.0.10+7-LTS)
# Java VM: OpenJDK 64-Bit Server VM Temurin-21.0.10+7 (21.0.10+7-LTS, mixed mode, sharing, tiered, compressed oops, compressed class ptrs, parallel gc, windows-amd64)
# No core dump will be written. Minidumps are not enabled by default on client versions of Windows
#

---------------  S U M M A R Y ------------

Command Line: --add-modules=ALL-SYSTEM --add-opens=java.base/java.util=ALL-UNNAMED --add-opens=java.base/java.lang=ALL-UNNAMED --add-opens=java.base/sun.nio.fs=ALL-UNNAMED -Declipse.application=org.eclipse.jdt.ls.core.id1 -Dosgi.bundles.defaultStartLevel=4 -Declipse.product=org.eclipse.jdt.ls.core.product -Djava.import.generatesMetadataFilesAtProjectRoot=false -DDetectVMInstallationsJob.disabled=true -Dfile.encoding=utf8 -XX:+UseParallelGC -XX:GCTimeRatio=4 -XX:AdaptiveSizePolicyWeight=90 -Dsun.zip.disableMemoryMapping=true -Xmx2G -Xms100m -Xlog:disable -javaagent:c:\Users\kaikb\.vscode\extensions\redhat.java-1.53.0-win32-x64\lombok\lombok-1.18.39-4050.jar -XX:+HeapDumpOnOutOfMemoryError -XX:HeapDumpPath=c:\Users\kaikb\AppData\Roaming\Code\User\workspaceStorage\486efe4bdc82c96f51abd92b0f0f0a63\redhat.java -Daether.dependencyCollector.impl=bf c:\Users\kaikb\.vscode\extensions\redhat.java-1.53.0-win32-x64\server\plugins\org.eclipse.equinox.launcher_1.7.100.v20251111-0406.jar -configuration c:\Users\kaikb\AppData\Roaming\Code\User\globalStorage\redhat.java\1.53.0\config_win -data c:\Users\kaikb\AppData\Roaming\Code\User\workspaceStorage\486efe4bdc82c96f51abd92b0f0f0a63\redhat.java\jdt_ws --pipe=\\.\pipe\lsp-555e0bff55b478f945c05950f0b54721-sock

Host: Intel(R) Core(TM) i3-10110U CPU @ 2.10GHz, 4 cores, 3G,  Windows 11 , 64 bit Build 26100 (10.0.26100.7705)
Time: Thu Mar 12 00:33:32 2026 Hora oficial do Brasil elapsed time: 1529.227952 seconds (0d 0h 25m 29s)

---------------  T H R E A D  ---------------

Current thread (0x0000028c9353feb0):  JavaThread "Attach Listener" daemon [_thread_in_vm, id=19968, stack(0x000000af36500000,0x000000af36600000) (1024K)]

Stack: [0x000000af36500000,0x000000af36600000]
Native frames: (J=compiled Java code, j=interpreted, Vv=VM code, C=native code)
V  [jvm.dll+0x6d7a39]
V  [jvm.dll+0x8b4b26]
V  [jvm.dll+0x8b70de]
V  [jvm.dll+0x8b77c3]
V  [jvm.dll+0x284346]
V  [jvm.dll+0xc1277]
V  [jvm.dll+0x6d82e9]
V  [jvm.dll+0x1334a6]
V  [jvm.dll+0x3f857e]
V  [jvm.dll+0x85f59d]
V  [jvm.dll+0x6d626d]
C  [ucrtbase.dll+0x37b0]
C  [KERNEL32.DLL+0x2e8d7]
C  [ntdll.dll+0x8c40c]


---------------  P R O C E S S  ---------------

Threads class SMR info:
_java_thread_list=0x0000028cdb82bec0, length=30, elements={
0x0000028cfc92c1b0, 0x0000028c93538600, 0x0000028c9353ba90, 0x0000028c9353f120,
0x0000028c9353feb0, 0x0000028c93542dd0, 0x0000028c93543830, 0x0000028c93546a80,
0x0000028c935beac0, 0x0000028cd54598d0, 0x0000028cd55cc9b0, 0x0000028cd5adba20,
0x0000028cd5abecb0, 0x0000028cd5bf1280, 0x0000028cd5bfa1a0, 0x0000028cd5bd20a0,
0x0000028cd59be3a0, 0x0000028cd5e86fb0, 0x0000028cda1ac7c0, 0x0000028cda1aa060,
0x0000028cda1abaa0, 0x0000028cdc5eddd0, 0x0000028cdc5ee460, 0x0000028cdc5eafe0,
0x0000028cdc5eeaf0, 0x0000028cdc5eb670, 0x0000028cdc5ebd00, 0x0000028cdc5ef810,
0x0000028cdc24ae50, 0x0000028cdc24a130
}

Java Threads: ( => current thread )
  0x0000028cfc92c1b0 JavaThread "main"                              [_thread_blocked, id=5048, stack(0x000000af35e00000,0x000000af35f00000) (1024K)]
  0x0000028c93538600 JavaThread "Reference Handler"          daemon [_thread_blocked, id=16328, stack(0x000000af36200000,0x000000af36300000) (1024K)]
  0x0000028c9353ba90 JavaThread "Finalizer"                  daemon [_thread_blocked, id=8976, stack(0x000000af36300000,0x000000af36400000) (1024K)]
  0x0000028c9353f120 JavaThread "Signal Dispatcher"          daemon [_thread_blocked, id=15276, stack(0x000000af36400000,0x000000af36500000) (1024K)]
=>0x0000028c9353feb0 JavaThread "Attach Listener"            daemon [_thread_in_vm, id=19968, stack(0x000000af36500000,0x000000af36600000) (1024K)]
  0x0000028c93542dd0 JavaThread "Service Thread"             daemon [_thread_blocked, id=18216, stack(0x000000af36600000,0x000000af36700000) (1024K)]
  0x0000028c93543830 JavaThread "Monitor Deflation Thread"   daemon [_thread_blocked, id=14472, stack(0x000000af36700000,0x000000af36800000) (1024K)]
  0x0000028c93546a80 JavaThread "C2 CompilerThread0"         daemon [_thread_blocked, id=20388, stack(0x000000af36800000,0x000000af36900000) (1024K)]
  0x0000028c935beac0 JavaThread "C1 CompilerThread0"         daemon [_thread_blocked, id=2952, stack(0x000000af36900000,0x000000af36a00000) (1024K)]
  0x0000028cd54598d0 JavaThread "Common-Cleaner"             daemon [_thread_blocked, id=5908, stack(0x000000af36a00000,0x000000af36b00000) (1024K)]
  0x0000028cd55cc9b0 JavaThread "Notification Thread"        daemon [_thread_blocked, id=2940, stack(0x000000af36b00000,0x000000af36c00000) (1024K)]
  0x0000028cd5adba20 JavaThread "Active Thread: Equinox Container: cfdcedba-bcc9-4d0c-8cd9-2d4c60495b06"        [_thread_blocked, id=10580, stack(0x000000af36f00000,0x000000af37000000) (1024K)]
  0x0000028cd5abecb0 JavaThread "Refresh Thread: Equinox Container: cfdcedba-bcc9-4d0c-8cd9-2d4c60495b06" daemon [_thread_blocked, id=11336, stack(0x000000af37000000,0x000000af37100000) (1024K)]
  0x0000028cd5bf1280 JavaThread "Framework Event Dispatcher: Equinox Container: cfdcedba-bcc9-4d0c-8cd9-2d4c60495b06" daemon [_thread_blocked, id=11900, stack(0x000000af37100000,0x000000af37200000) (1024K)]
  0x0000028cd5bfa1a0 JavaThread "Start Level: Equinox Container: cfdcedba-bcc9-4d0c-8cd9-2d4c60495b06" daemon [_thread_blocked, id=15560, stack(0x000000af37200000,0x000000af37300000) (1024K)]
  0x0000028cd5bd20a0 JavaThread "Bundle File Closer"         daemon [_thread_blocked, id=16076, stack(0x000000af37300000,0x000000af37400000) (1024K)]
  0x0000028cd59be3a0 JavaThread "SCR Component Actor"        daemon [_thread_blocked, id=18348, stack(0x000000af37400000,0x000000af37500000) (1024K)]
  0x0000028cd5e86fb0 JavaThread "Worker-JM"                         [_thread_blocked, id=396, stack(0x000000af37500000,0x000000af37600000) (1024K)]
  0x0000028cda1ac7c0 JavaThread "JNA Cleaner"                daemon [_thread_blocked, id=12504, stack(0x000000af37600000,0x000000af37700000) (1024K)]
  0x0000028cda1aa060 JavaThread "Java indexing"              daemon [_thread_blocked, id=11540, stack(0x000000af37a00000,0x000000af37b00000) (1024K)]
  0x0000028cda1abaa0 JavaThread "Thread-1"                   daemon [_thread_in_native, id=11940, stack(0x000000af38000000,0x000000af38100000) (1024K)]
  0x0000028cdc5eddd0 JavaThread "Thread-2"                   daemon [_thread_in_native, id=19776, stack(0x000000af38100000,0x000000af38200000) (1024K)]
  0x0000028cdc5ee460 JavaThread "Thread-3"                   daemon [_thread_in_native, id=10564, stack(0x000000af38200000,0x000000af38300000) (1024K)]
  0x0000028cdc5eafe0 JavaThread "Thread-4"                   daemon [_thread_in_native, id=19684, stack(0x000000af38300000,0x000000af38400000) (1024K)]
  0x0000028cdc5eeaf0 JavaThread "Thread-5"                   daemon [_thread_in_native, id=15376, stack(0x000000af38400000,0x000000af38500000) (1024K)]
  0x0000028cdc5eb670 JavaThread "pool-2-thread-1"                   [_thread_blocked, id=17320, stack(0x000000af38500000,0x000000af38600000) (1024K)]
  0x0000028cdc5ebd00 JavaThread "WorkspaceEventsHandler"            [_thread_blocked, id=16884, stack(0x000000af38600000,0x000000af38700000) (1024K)]
  0x0000028cdc5ef810 JavaThread "pool-1-thread-1"                   [_thread_blocked, id=5416, stack(0x000000af38700000,0x000000af38800000) (1024K)]
  0x0000028cdc24ae50 JavaThread "Worker-6"                          [_thread_blocked, id=5232, stack(0x000000af35c00000,0x000000af35d00000) (1024K)]
  0x0000028cdc24a130 JavaThread "Worker-7"                          [_thread_blocked, id=18696, stack(0x000000af37f00000,0x000000af38000000) (1024K)]
Total: 30

Other Threads:
  0x0000028cfc9ebe60 VMThread "VM Thread"                           [id=9404, stack(0x000000af36100000,0x000000af36200000) (1024K)]
  0x0000028c934dba00 WatcherThread "VM Periodic Task Thread"        [id=10856, stack(0x000000af36000000,0x000000af36100000) (1024K)]
  0x0000028cfc94ba60 WorkerThread "GC Thread#0"                     [id=18712, stack(0x000000af35f00000,0x000000af36000000) (1024K)]
  0x0000028cd5854bb0 WorkerThread "GC Thread#1"                     [id=18600, stack(0x000000af36c00000,0x000000af36d00000) (1024K)]
  0x0000028cd56cad20 WorkerThread "GC Thread#2"                     [id=11988, stack(0x000000af36d00000,0x000000af36e00000) (1024K)]
  0x0000028cd5a06a70 WorkerThread "GC Thread#3"                     [id=16532, stack(0x000000af36e00000,0x000000af36f00000) (1024K)]
Total: 6

Threads with active compile tasks:
Total: 0

VM state: not at safepoint (normal execution)

VM Mutex/Monitor currently owned by a thread: None

Heap address: 0x0000000080000000, size: 2048 MB, Compressed Oops mode: 32-bit

CDS archive(s) mapped at: [0x0000028c94000000-0x0000028c94ba0000-0x0000028c94ba0000), size 12189696, SharedBaseAddress: 0x0000028c94000000, ArchiveRelocationMode: 1.
Compressed class space mapped at: 0x0000028c95000000-0x0000028cd5000000, reserved size: 1073741824
Narrow klass base: 0x0000028c94000000, Narrow klass shift: 0, Narrow klass range: 0x100000000

GC Precious Log:
 CardTable entry size: 512
 CPUs: 4 total, 4 available
 Memory: 3953M
 Large Page Support: Disabled
 NUMA Support: Disabled
 Compressed Oops: Enabled (32-bit)
 Alignments: Space 512K, Generation 512K, Heap 2M
 Heap Min Capacity: 100M
 Heap Initial Capacity: 100M
 Heap Max Capacity: 2G
 Pre-touch: Disabled
 Parallel Workers: 4

Heap:
 PSYoungGen      total 1536K, used 726K [0x00000000d5580000, 0x00000000d5880000, 0x0000000100000000)
  eden space 1024K, 58% used [0x00000000d5580000,0x00000000d5615900,0x00000000d5680000)
  from space 512K, 25% used [0x00000000d5780000,0x00000000d57a0000,0x00000000d5800000)
  to   space 512K, 0% used [0x00000000d5800000,0x00000000d5800000,0x00000000d5880000)
 ParOldGen       total 451072K, used 450760K [0x0000000080000000, 0x000000009b880000, 0x00000000d5580000)
  object space 451072K, 99% used [0x0000000080000000,0x000000009b8320b8,0x000000009b880000)
 Metaspace       used 63780K, committed 65280K, reserved 1114112K
  class space    used 6751K, committed 7424K, reserved 1048576K

Card table byte_map: [0x0000028cfc2d0000,0x0000028cfc6e0000] _byte_map_base: 0x0000028cfbed0000

Marking Bits: (ParMarkBitMap*) 0x00007fff5de13450
 Begin Bits: [0x0000028c8f000000, 0x0000028c91000000)
 End Bits:   [0x0000028c91000000, 0x0000028c93000000)

Polling page: 0x0000028cfa7a0000

Metaspace:

Usage:
  Non-class:     55.69 MB used.
      Class:      6.59 MB used.
       Both:     62.29 MB used.

Virtual space:
  Non-class space:       64.00 MB reserved,      56.50 MB ( 88%) committed,  1 nodes.
      Class space:        1.00 GB reserved,       7.25 MB ( <1%) committed,  1 nodes.
             Both:        1.06 GB reserved,      63.75 MB (  6%) committed. 

Chunk freelists:
   Non-Class:  6.88 MB
       Class:  8.72 MB
        Both:  15.59 MB

MaxMetaspaceSize: unlimited
CompressedClassSpaceSize: 1.00 GB
Initial GC threshold: 21.00 MB
Current GC threshold: 97.31 MB
CDS: on
 - commit_granule_bytes: 65536.
 - commit_granule_words: 8192.
 - virtual_space_node_default_size: 8388608.
 - enlarge_chunks_in_place: 1.
 - use_allocation_guard: 0.


Internal statistics:

num_allocs_failed_limit: 11.
num_arena_births: 1280.
num_arena_deaths: 18.
num_vsnodes_births: 2.
num_vsnodes_deaths: 0.
num_space_committed: 1020.
num_space_uncommitted: 0.
num_chunks_returned_to_freelist: 30.
num_chunks_taken_from_freelist: 4350.
num_chunk_merges: 13.
num_chunk_splits: 2641.
num_chunks_enlarged: 1452.
num_inconsistent_stats: 0.

CodeHeap 'non-profiled nmethods': size=120000Kb used=7941Kb max_used=7941Kb free=112058Kb
 bounds [0x0000028c87ad0000, 0x0000028c882a0000, 0x0000028c8f000000]
CodeHeap 'profiled nmethods': size=120000Kb used=25239Kb max_used=25239Kb free=94760Kb
 bounds [0x0000028c80000000, 0x0000028c818b0000, 0x0000028c87530000]
CodeHeap 'non-nmethods': size=5760Kb used=1430Kb max_used=1501Kb free=4329Kb
 bounds [0x0000028c87530000, 0x0000028c877a0000, 0x0000028c87ad0000]
CodeCache: size=245760Kb, used=34610Kb, max_used=34681Kb, free=211147Kb
 total_blobs=12890, nmethods=12141, adapters=655, full_count=0
Compilation: enabled, stopped_count=0, restarted_count=0

Compilation events (20 events):
Event: 1114.278 Thread 0x0000028c935beac0 12901   !   3       java.util.concurrent.ScheduledThreadPoolExecutor$DelayedWorkQueue::take (203 bytes)
Event: 1114.352 Thread 0x0000028c935beac0 nmethod 12901 0x0000028c818a0e90 code [0x0000028c818a1260, 0x0000028c818a2b00]
Event: 1116.752 Thread 0x0000028c935beac0 12902       3       java.util.concurrent.ScheduledThreadPoolExecutor::triggerTime (22 bytes)
Event: 1116.756 Thread 0x0000028c935beac0 nmethod 12902 0x0000028c818a3610 code [0x0000028c818a37c0, 0x0000028c818a39a0]
Event: 1116.756 Thread 0x0000028c935beac0 12903       3       java.util.concurrent.ScheduledThreadPoolExecutor$DelayedWorkQueue::add (9 bytes)
Event: 1116.759 Thread 0x0000028c935beac0 nmethod 12903 0x0000028c818a3a90 code [0x0000028c818a3c60, 0x0000028c818a3f38]
Event: 1116.759 Thread 0x0000028c935beac0 12904       3       java.util.concurrent.ScheduledThreadPoolExecutor$DelayedWorkQueue::add (6 bytes)
Event: 1116.759 Thread 0x0000028c935beac0 nmethod 12904 0x0000028c818a4010 code [0x0000028c818a41c0, 0x0000028c818a4318]
Event: 1136.823 Thread 0x0000028c935beac0 12905       3       java.util.concurrent.ScheduledThreadPoolExecutor$ScheduledFutureTask::run (57 bytes)
Event: 1136.862 Thread 0x0000028c935beac0 nmethod 12905 0x0000028c818a4410 code [0x0000028c818a4640, 0x0000028c818a4bb0]
Event: 1196.896 Thread 0x0000028c93546a80 12906       4       java.util.concurrent.TimeUnit::toNanos (45 bytes)
Event: 1196.908 Thread 0x0000028c93546a80 nmethod 12906 0x0000028c88290d10 code [0x0000028c88290ea0, 0x0000028c88290f98]
Event: 1206.896 Thread 0x0000028c935beac0 12907       3       java.util.concurrent.locks.AbstractQueuedSynchronizer$ConditionObject::unlinkCancelledWaiters (91 bytes)
Event: 1206.903 Thread 0x0000028c935beac0 nmethod 12907 0x0000028c818a4d90 code [0x0000028c818a4f40, 0x0000028c818a52d0]
Event: 1269.044 Thread 0x0000028c935beac0 12908  s!   3       org.eclipse.core.internal.jobs.WorkerPool::sleep (124 bytes)
Event: 1269.080 Thread 0x0000028c935beac0 nmethod 12908 0x0000028c818a5410 code [0x0000028c818a5620, 0x0000028c818a5b38]
Event: 1296.971 Thread 0x0000028c935beac0 12909       1       org.eclipse.jdt.ls.core.internal.LanguageServerApplication::getParentProcessId (5 bytes)
Event: 1296.978 Thread 0x0000028c935beac0 nmethod 12909 0x0000028c88291090 code [0x0000028c88291220, 0x0000028c882912e8]
Event: 1477.595 Thread 0x0000028c93546a80 12910       4       java.lang.Thread::interrupted (7 bytes)
Event: 1477.677 Thread 0x0000028c93546a80 nmethod 12910 0x0000028c88291390 code [0x0000028c88291520, 0x0000028c882915d8]

GC Heap History (20 events):
Event: 455.328 GC heap before
{Heap before GC invocations=589 (full 3):
 PSYoungGen      total 1536K, used 1508K [0x00000000d5580000, 0x00000000d5980000, 0x0000000100000000)
  eden space 1024K, 100% used [0x00000000d5580000,0x00000000d5680000,0x00000000d5680000)
  from space 512K, 94% used [0x00000000d5780000,0x00000000d57f9390,0x00000000d5800000)
  to   space 1536K, 0% used [0x00000000d5800000,0x00000000d5800000,0x00000000d5980000)
 ParOldGen       total 446464K, used 446336K [0x0000000080000000, 0x000000009b400000, 0x00000000d5580000)
  object space 446464K, 99% used [0x0000000080000000,0x000000009b3e03f0,0x000000009b400000)
 Metaspace       used 63511K, committed 64896K, reserved 1114112K
  class space    used 6732K, committed 7360K, reserved 1048576K
}
Event: 455.332 GC heap after
{Heap after GC invocations=589 (full 3):
 PSYoungGen      total 2560K, used 1034K [0x00000000d5580000, 0x00000000d5980000, 0x0000000100000000)
  eden space 1024K, 0% used [0x00000000d5580000,0x00000000d5580000,0x00000000d5680000)
  from space 1536K, 67% used [0x00000000d5800000,0x00000000d59029a8,0x00000000d5980000)
  to   space 1536K, 0% used [0x00000000d5680000,0x00000000d5680000,0x00000000d5800000)
 ParOldGen       total 446976K, used 446826K [0x0000000080000000, 0x000000009b480000, 0x00000000d5580000)
  object space 446976K, 99% used [0x0000000080000000,0x000000009b45abb0,0x000000009b480000)
 Metaspace       used 63511K, committed 64896K, reserved 1114112K
  class space    used 6732K, committed 7360K, reserved 1048576K
}
Event: 455.424 GC heap before
{Heap before GC invocations=590 (full 3):
 PSYoungGen      total 2560K, used 2058K [0x00000000d5580000, 0x00000000d5980000, 0x0000000100000000)
  eden space 1024K, 99% used [0x00000000d5580000,0x00000000d567ff88,0x00000000d5680000)
  from space 1536K, 67% used [0x00000000d5800000,0x00000000d59029a8,0x00000000d5980000)
  to   space 1536K, 0% used [0x00000000d5680000,0x00000000d5680000,0x00000000d5800000)
 ParOldGen       total 448000K, used 447603K [0x0000000080000000, 0x000000009b580000, 0x00000000d5580000)
  object space 448000K, 99% used [0x0000000080000000,0x000000009b51ccb8,0x000000009b580000)
 Metaspace       used 63511K, committed 64896K, reserved 1114112K
  class space    used 6732K, committed 7360K, reserved 1048576K
}
Event: 455.427 GC heap after
{Heap after GC invocations=590 (full 3):
 PSYoungGen      total 2560K, used 1039K [0x00000000d5580000, 0x00000000d5980000, 0x0000000100000000)
  eden space 1024K, 0% used [0x00000000d5580000,0x00000000d5580000,0x00000000d5680000)
  from space 1536K, 67% used [0x00000000d5680000,0x00000000d5783ea8,0x00000000d5800000)
  to   space 1536K, 0% used [0x00000000d5800000,0x00000000d5800000,0x00000000d5980000)
 ParOldGen       total 449024K, used 448588K [0x0000000080000000, 0x000000009b680000, 0x00000000d5580000)
  object space 449024K, 99% used [0x0000000080000000,0x000000009b613228,0x000000009b680000)
 Metaspace       used 63511K, committed 64896K, reserved 1114112K
  class space    used 6732K, committed 7360K, reserved 1048576K
}
Event: 455.484 GC heap before
{Heap before GC invocations=591 (full 3):
 PSYoungGen      total 2560K, used 2054K [0x00000000d5580000, 0x00000000d5980000, 0x0000000100000000)
  eden space 1024K, 99% used [0x00000000d5580000,0x00000000d567d9a8,0x00000000d5680000)
  from space 1536K, 67% used [0x00000000d5680000,0x00000000d5783ea8,0x00000000d5800000)
  to   space 1536K, 0% used [0x00000000d5800000,0x00000000d5800000,0x00000000d5980000)
 ParOldGen       total 449024K, used 448588K [0x0000000080000000, 0x000000009b680000, 0x00000000d5580000)
  object space 449024K, 99% used [0x0000000080000000,0x000000009b613228,0x000000009b680000)
 Metaspace       used 63514K, committed 64896K, reserved 1114112K
  class space    used 6732K, committed 7360K, reserved 1048576K
}
Event: 455.487 GC heap after
{Heap after GC invocations=591 (full 3):
 PSYoungGen      total 2048K, used 784K [0x00000000d5580000, 0x00000000d5900000, 0x0000000100000000)
  eden space 1024K, 0% used [0x00000000d5580000,0x00000000d5580000,0x00000000d5680000)
  from space 1024K, 76% used [0x00000000d5800000,0x00000000d58c41c0,0x00000000d5900000)
  to   space 1024K, 0% used [0x00000000d5700000,0x00000000d5700000,0x00000000d5800000)
 ParOldGen       total 450048K, used 449564K [0x0000000080000000, 0x000000009b780000, 0x00000000d5580000)
  object space 450048K, 99% used [0x0000000080000000,0x000000009b707278,0x000000009b780000)
 Metaspace       used 63514K, committed 64896K, reserved 1114112K
  class space    used 6732K, committed 7360K, reserved 1048576K
}
Event: 455.567 GC heap before
{Heap before GC invocations=592 (full 3):
 PSYoungGen      total 2048K, used 1808K [0x00000000d5580000, 0x00000000d5900000, 0x0000000100000000)
  eden space 1024K, 100% used [0x00000000d5580000,0x00000000d5680000,0x00000000d5680000)
  from space 1024K, 76% used [0x00000000d5800000,0x00000000d58c41c0,0x00000000d5900000)
  to   space 1024K, 0% used [0x00000000d5700000,0x00000000d5700000,0x00000000d5800000)
 ParOldGen       total 450048K, used 449564K [0x0000000080000000, 0x000000009b780000, 0x00000000d5580000)
  object space 450048K, 99% used [0x0000000080000000,0x000000009b707278,0x000000009b780000)
 Metaspace       used 63538K, committed 64960K, reserved 1114112K
  class space    used 6733K, committed 7360K, reserved 1048576K
}
Event: 455.571 GC heap after
{Heap after GC invocations=592 (full 3):
 PSYoungGen      total 2048K, used 288K [0x00000000d5580000, 0x00000000d5880000, 0x0000000100000000)
  eden space 1024K, 0% used [0x00000000d5580000,0x00000000d5580000,0x00000000d5680000)
  from space 1024K, 28% used [0x00000000d5700000,0x00000000d5748000,0x00000000d5800000)
  to   space 512K, 0% used [0x00000000d5800000,0x00000000d5800000,0x00000000d5880000)
 ParOldGen       total 450560K, used 450264K [0x0000000080000000, 0x000000009b800000, 0x00000000d5580000)
  object space 450560K, 99% used [0x0000000080000000,0x000000009b7b6078,0x000000009b800000)
 Metaspace       used 63538K, committed 64960K, reserved 1114112K
  class space    used 6733K, committed 7360K, reserved 1048576K
}
Event: 455.838 GC heap before
{Heap before GC invocations=593 (full 3):
 PSYoungGen      total 2048K, used 1312K [0x00000000d5580000, 0x00000000d5880000, 0x0000000100000000)
  eden space 1024K, 100% used [0x00000000d5580000,0x00000000d5680000,0x00000000d5680000)
  from space 1024K, 28% used [0x00000000d5700000,0x00000000d5748000,0x00000000d5800000)
  to   space 512K, 0% used [0x00000000d5800000,0x00000000d5800000,0x00000000d5880000)
 ParOldGen       total 450560K, used 450264K [0x0000000080000000, 0x000000009b800000, 0x00000000d5580000)
  object space 450560K, 99% used [0x0000000080000000,0x000000009b7b6078,0x000000009b800000)
 Metaspace       used 63542K, committed 64960K, reserved 1114112K
  class space    used 6733K, committed 7360K, reserved 1048576K
}
Event: 455.843 GC heap after
{Heap after GC invocations=593 (full 3):
 PSYoungGen      total 1536K, used 160K [0x00000000d5580000, 0x00000000d5880000, 0x0000000100000000)
  eden space 1024K, 0% used [0x00000000d5580000,0x00000000d5580000,0x00000000d5680000)
  from space 512K, 31% used [0x00000000d5800000,0x00000000d5828000,0x00000000d5880000)
  to   space 512K, 0% used [0x00000000d5780000,0x00000000d5780000,0x00000000d5800000)
 ParOldGen       total 450560K, used 450416K [0x0000000080000000, 0x000000009b800000, 0x00000000d5580000)
  object space 450560K, 99% used [0x0000000080000000,0x000000009b7dc078,0x000000009b800000)
 Metaspace       used 63542K, committed 64960K, reserved 1114112K
  class space    used 6733K, committed 7360K, reserved 1048576K
}
Event: 455.947 GC heap before
{Heap before GC invocations=594 (full 3):
 PSYoungGen      total 1536K, used 1184K [0x00000000d5580000, 0x00000000d5880000, 0x0000000100000000)
  eden space 1024K, 100% used [0x00000000d5580000,0x00000000d5680000,0x00000000d5680000)
  from space 512K, 31% used [0x00000000d5800000,0x00000000d5828000,0x00000000d5880000)
  to   space 512K, 0% used [0x00000000d5780000,0x00000000d5780000,0x00000000d5800000)
 ParOldGen       total 450560K, used 450416K [0x0000000080000000, 0x000000009b800000, 0x00000000d5580000)
  object space 450560K, 99% used [0x0000000080000000,0x000000009b7dc078,0x000000009b800000)
 Metaspace       used 63549K, committed 64960K, reserved 1114112K
  class space    used 6733K, committed 7360K, reserved 1048576K
}
Event: 455.952 GC heap after
{Heap after GC invocations=594 (full 3):
 PSYoungGen      total 1536K, used 96K [0x00000000d5580000, 0x00000000d5880000, 0x0000000100000000)
  eden space 1024K, 0% used [0x00000000d5580000,0x00000000d5580000,0x00000000d5680000)
  from space 512K, 18% used [0x00000000d5780000,0x00000000d5798000,0x00000000d5800000)
  to   space 512K, 0% used [0x00000000d5800000,0x00000000d5800000,0x00000000d5880000)
 ParOldGen       total 450560K, used 450480K [0x0000000080000000, 0x000000009b800000, 0x00000000d5580000)
  object space 450560K, 99% used [0x0000000080000000,0x000000009b7ec078,0x000000009b800000)
 Metaspace       used 63549K, committed 64960K, reserved 1114112K
  class space    used 6733K, committed 7360K, reserved 1048576K
}
Event: 456.255 GC heap before
{Heap before GC invocations=595 (full 3):
 PSYoungGen      total 1536K, used 1120K [0x00000000d5580000, 0x00000000d5880000, 0x0000000100000000)
  eden space 1024K, 100% used [0x00000000d5580000,0x00000000d5680000,0x00000000d5680000)
  from space 512K, 18% used [0x00000000d5780000,0x00000000d5798000,0x00000000d5800000)
  to   space 512K, 0% used [0x00000000d5800000,0x00000000d5800000,0x00000000d5880000)
 ParOldGen       total 450560K, used 450480K [0x0000000080000000, 0x000000009b800000, 0x00000000d5580000)
  object space 450560K, 99% used [0x0000000080000000,0x000000009b7ec078,0x000000009b800000)
 Metaspace       used 63588K, committed 64960K, reserved 1114112K
  class space    used 6734K, committed 7360K, reserved 1048576K
}
Event: 456.259 GC heap after
{Heap after GC invocations=595 (full 3):
 PSYoungGen      total 1536K, used 128K [0x00000000d5580000, 0x00000000d5880000, 0x0000000100000000)
  eden space 1024K, 0% used [0x00000000d5580000,0x00000000d5580000,0x00000000d5680000)
  from space 512K, 25% used [0x00000000d5800000,0x00000000d5820000,0x00000000d5880000)
  to   space 512K, 0% used [0x00000000d5780000,0x00000000d5780000,0x00000000d5800000)
 ParOldGen       total 450560K, used 450536K [0x0000000080000000, 0x000000009b800000, 0x00000000d5580000)
  object space 450560K, 99% used [0x0000000080000000,0x000000009b7fa088,0x000000009b800000)
 Metaspace       used 63588K, committed 64960K, reserved 1114112K
  class space    used 6734K, committed 7360K, reserved 1048576K
}
Event: 456.435 GC heap before
{Heap before GC invocations=596 (full 3):
 PSYoungGen      total 1536K, used 1151K [0x00000000d5580000, 0x00000000d5880000, 0x0000000100000000)
  eden space 1024K, 99% used [0x00000000d5580000,0x00000000d567ffe8,0x00000000d5680000)
  from space 512K, 25% used [0x00000000d5800000,0x00000000d5820000,0x00000000d5880000)
  to   space 512K, 0% used [0x00000000d5780000,0x00000000d5780000,0x00000000d5800000)
 ParOldGen       total 450560K, used 450536K [0x0000000080000000, 0x000000009b800000, 0x00000000d5580000)
  object space 450560K, 99% used [0x0000000080000000,0x000000009b7fa088,0x000000009b800000)
 Metaspace       used 63602K, committed 65024K, reserved 1114112K
  class space    used 6734K, committed 7360K, reserved 1048576K
}
Event: 456.438 GC heap after
{Heap after GC invocations=596 (full 3):
 PSYoungGen      total 1536K, used 272K [0x00000000d5580000, 0x00000000d5880000, 0x0000000100000000)
  eden space 1024K, 0% used [0x00000000d5580000,0x00000000d5580000,0x00000000d5680000)
  from space 512K, 53% used [0x00000000d5780000,0x00000000d57c4030,0x00000000d5800000)
  to   space 512K, 0% used [0x00000000d5800000,0x00000000d5800000,0x00000000d5880000)
 ParOldGen       total 451072K, used 450576K [0x0000000080000000, 0x000000009b880000, 0x00000000d5580000)
  object space 451072K, 99% used [0x0000000080000000,0x000000009b804088,0x000000009b880000)
 Metaspace       used 63602K, committed 65024K, reserved 1114112K
  class space    used 6734K, committed 7360K, reserved 1048576K
}
Event: 507.375 GC heap before
{Heap before GC invocations=597 (full 3):
 PSYoungGen      total 1536K, used 1296K [0x00000000d5580000, 0x00000000d5880000, 0x0000000100000000)
  eden space 1024K, 100% used [0x00000000d5580000,0x00000000d5680000,0x00000000d5680000)
  from space 512K, 53% used [0x00000000d5780000,0x00000000d57c4030,0x00000000d5800000)
  to   space 512K, 0% used [0x00000000d5800000,0x00000000d5800000,0x00000000d5880000)
 ParOldGen       total 451072K, used 450576K [0x0000000080000000, 0x000000009b880000, 0x00000000d5580000)
  object space 451072K, 99% used [0x0000000080000000,0x000000009b804088,0x000000009b880000)
 Metaspace       used 63707K, committed 65152K, reserved 1114112K
  class space    used 6745K, committed 7424K, reserved 1048576K
}
Event: 507.486 GC heap after
{Heap after GC invocations=597 (full 3):
 PSYoungGen      total 1536K, used 128K [0x00000000d5580000, 0x00000000d5880000, 0x0000000100000000)
  eden space 1024K, 0% used [0x00000000d5580000,0x00000000d5580000,0x00000000d5680000)
  from space 512K, 25% used [0x00000000d5800000,0x00000000d5820000,0x00000000d5880000)
  to   space 512K, 0% used [0x00000000d5780000,0x00000000d5780000,0x00000000d5800000)
 ParOldGen       total 451072K, used 450720K [0x0000000080000000, 0x000000009b880000, 0x00000000d5580000)
  object space 451072K, 99% used [0x0000000080000000,0x000000009b8280b8,0x000000009b880000)
 Metaspace       used 63707K, committed 65152K, reserved 1114112K
  class space    used 6745K, committed 7424K, reserved 1048576K
}
Event: 517.949 GC heap before
{Heap before GC invocations=598 (full 3):
 PSYoungGen      total 1536K, used 1152K [0x00000000d5580000, 0x00000000d5880000, 0x0000000100000000)
  eden space 1024K, 100% used [0x00000000d5580000,0x00000000d5680000,0x00000000d5680000)
  from space 512K, 25% used [0x00000000d5800000,0x00000000d5820000,0x00000000d5880000)
  to   space 512K, 0% used [0x00000000d5780000,0x00000000d5780000,0x00000000d5800000)
 ParOldGen       total 451072K, used 450720K [0x0000000080000000, 0x000000009b880000, 0x00000000d5580000)
  object space 451072K, 99% used [0x0000000080000000,0x000000009b8280b8,0x000000009b880000)
 Metaspace       used 63761K, committed 65216K, reserved 1114112K
  class space    used 6751K, committed 7424K, reserved 1048576K
}
Event: 517.954 GC heap after
{Heap after GC invocations=598 (full 3):
 PSYoungGen      total 1536K, used 128K [0x00000000d5580000, 0x00000000d5880000, 0x0000000100000000)
  eden space 1024K, 0% used [0x00000000d5580000,0x00000000d5580000,0x00000000d5680000)
  from space 512K, 25% used [0x00000000d5780000,0x00000000d57a0000,0x00000000d5800000)
  to   space 512K, 0% used [0x00000000d5800000,0x00000000d5800000,0x00000000d5880000)
 ParOldGen       total 451072K, used 450760K [0x0000000080000000, 0x000000009b880000, 0x00000000d5580000)
  object space 451072K, 99% used [0x0000000080000000,0x000000009b8320b8,0x000000009b880000)
 Metaspace       used 63761K, committed 65216K, reserved 1114112K
  class space    used 6751K, committed 7424K, reserved 1048576K
}

Dll operation events (10 events):
Event: 0.041 Loaded shared library c:\Users\kaikb\.vscode\extensions\redhat.java-1.53.0-win32-x64\jre\21.0.10-win32-x86_64\bin\java.dll
Event: 0.254 Loaded shared library c:\Users\kaikb\.vscode\extensions\redhat.java-1.53.0-win32-x64\jre\21.0.10-win32-x86_64\bin\zip.dll
Event: 0.314 Loaded shared library C:\Users\kaikb\.vscode\extensions\redhat.java-1.53.0-win32-x64\jre\21.0.10-win32-x86_64\bin\instrument.dll
Event: 0.322 Loaded shared library C:\Users\kaikb\.vscode\extensions\redhat.java-1.53.0-win32-x64\jre\21.0.10-win32-x86_64\bin\net.dll
Event: 0.326 Loaded shared library C:\Users\kaikb\.vscode\extensions\redhat.java-1.53.0-win32-x64\jre\21.0.10-win32-x86_64\bin\nio.dll
Event: 0.332 Loaded shared library C:\Users\kaikb\.vscode\extensions\redhat.java-1.53.0-win32-x64\jre\21.0.10-win32-x86_64\bin\zip.dll
Event: 0.378 Loaded shared library C:\Users\kaikb\.vscode\extensions\redhat.java-1.53.0-win32-x64\jre\21.0.10-win32-x86_64\bin\jimage.dll
Event: 0.547 Loaded shared library c:\Users\kaikb\.vscode\extensions\redhat.java-1.53.0-win32-x64\jre\21.0.10-win32-x86_64\bin\verify.dll
Event: 3.492 Loaded shared library C:\Users\kaikb\AppData\Roaming\Code\User\globalStorage\redhat.java\1.53.0\config_win\org.eclipse.equinox.launcher\org.eclipse.equinox.launcher.win32.win32.x86_64_1.3.0.v20260203-2149\eclipse_11919.dll
Event: 8.270 Loaded shared library C:\Users\kaikb\AppData\Local\Temp\jna-101810794\jna4792607203968265289.dll

Deoptimization events (20 events):
Event: 455.550 Thread 0x0000028cdc24bb70 DEOPT PACKING pc=0x0000028c88020fac sp=0x000000af35dfde10
Event: 455.550 Thread 0x0000028cdc24bb70 DEOPT UNPACKING pc=0x0000028c87583aa2 sp=0x000000af35dfdd60 mode 2
Event: 456.378 Thread 0x0000028cdc24a130 DEOPT PACKING pc=0x0000028c80d40847 sp=0x000000af37ffe370
Event: 456.410 Thread 0x0000028cdc24a130 DEOPT UNPACKING pc=0x0000028c87584242 sp=0x000000af37ffd828 mode 0
Event: 507.369 Thread 0x0000028cdc24bb70 Uncommon trap: trap_request=0xffffff45 fr.pc=0x0000028c881fd004 relative=0x00000000000003c4
Event: 507.369 Thread 0x0000028cdc24bb70 Uncommon trap: reason=unstable_if action=reinterpret pc=0x0000028c881fd004 method=org.eclipse.core.runtime.Path.equals(Ljava/lang/Object;)Z @ 120 c2
Event: 507.369 Thread 0x0000028cdc24bb70 DEOPT PACKING pc=0x0000028c881fd004 sp=0x000000af35dfe9b0
Event: 507.369 Thread 0x0000028cdc24bb70 DEOPT UNPACKING pc=0x0000028c87583aa2 sp=0x000000af35dfe940 mode 2
Event: 512.990 Thread 0x0000028cdc24bb70 Uncommon trap: trap_request=0xffffffde fr.pc=0x0000028c881c8a0c relative=0x0000000000000e8c
Event: 512.990 Thread 0x0000028cdc24bb70 Uncommon trap: reason=class_check action=maybe_recompile pc=0x0000028c881c8a0c method=com.google.gson.stream.JsonWriter.string(Ljava/lang/String;)V @ 23 c2
Event: 512.990 Thread 0x0000028cdc24bb70 DEOPT PACKING pc=0x0000028c881c8a0c sp=0x000000af35dfe620
Event: 512.990 Thread 0x0000028cdc24bb70 DEOPT UNPACKING pc=0x0000028c87583aa2 sp=0x000000af35dfe5e8 mode 2
Event: 512.993 Thread 0x0000028cdc24bb70 Uncommon trap: trap_request=0xffffffde fr.pc=0x0000028c881c8a0c relative=0x0000000000000e8c
Event: 512.993 Thread 0x0000028cdc24bb70 Uncommon trap: reason=class_check action=maybe_recompile pc=0x0000028c881c8a0c method=com.google.gson.stream.JsonWriter.string(Ljava/lang/String;)V @ 23 c2
Event: 512.993 Thread 0x0000028cdc24bb70 DEOPT PACKING pc=0x0000028c881c8a0c sp=0x000000af35dfe740
Event: 512.994 Thread 0x0000028cdc24bb70 DEOPT UNPACKING pc=0x0000028c87583aa2 sp=0x000000af35dfe708 mode 2
Event: 512.994 Thread 0x0000028cdc24bb70 Uncommon trap: trap_request=0xffffffde fr.pc=0x0000028c881c8a0c relative=0x0000000000000e8c
Event: 512.994 Thread 0x0000028cdc24bb70 Uncommon trap: reason=class_check action=maybe_recompile pc=0x0000028c881c8a0c method=com.google.gson.stream.JsonWriter.string(Ljava/lang/String;)V @ 23 c2
Event: 512.994 Thread 0x0000028cdc24bb70 DEOPT PACKING pc=0x0000028c881c8a0c sp=0x000000af35dfe740
Event: 512.994 Thread 0x0000028cdc24bb70 DEOPT UNPACKING pc=0x0000028c87583aa2 sp=0x000000af35dfe708 mode 2

Classes loaded (20 events):
Event: 312.645 Loading class java/nio/charset/CharacterCodingException
Event: 312.646 Loading class java/nio/charset/CharacterCodingException done
Event: 452.194 Loading class java/util/HashMap$EntrySpliterator
Event: 452.440 Loading class java/util/HashMap$EntrySpliterator done
Event: 453.450 Loading class java/io/SequenceInputStream
Event: 453.451 Loading class java/io/SequenceInputStream done
Event: 453.537 Loading class org/xml/sax/SAXNotRecognizedException
Event: 453.539 Loading class org/xml/sax/SAXNotRecognizedException done
Event: 453.539 Loading class org/xml/sax/SAXNotSupportedException
Event: 453.539 Loading class org/xml/sax/SAXNotSupportedException done
Event: 453.547 Loading class com/sun/org/apache/xerces/internal/util/URI
Event: 453.558 Loading class com/sun/org/apache/xerces/internal/util/URI done
Event: 453.793 Loading class com/sun/org/apache/xerces/internal/xni/XNIException
Event: 453.795 Loading class com/sun/org/apache/xerces/internal/xni/XNIException done
Event: 453.799 Loading class com/sun/org/apache/xerces/internal/xni/parser/XMLParseException
Event: 453.801 Loading class com/sun/org/apache/xerces/internal/xni/parser/XMLParseException done
Event: 455.043 Loading class jdk/internal/module/IllegalAccessLogger
Event: 455.044 Loading class jdk/internal/module/IllegalAccessLogger done
Event: 455.549 Loading class jdk/internal/module/IllegalAccessLogger
Event: 455.549 Loading class jdk/internal/module/IllegalAccessLogger done

Classes unloaded (9 events):
Event: 9.414 Thread 0x0000028cfc9ebe60 Unloading class 0x0000028c951a9800 'java/lang/invoke/LambdaForm$MH+0x0000028c951a9800'
Event: 9.414 Thread 0x0000028cfc9ebe60 Unloading class 0x0000028c951a9400 'java/lang/invoke/LambdaForm$MH+0x0000028c951a9400'
Event: 9.414 Thread 0x0000028cfc9ebe60 Unloading class 0x0000028c951a9000 'java/lang/invoke/LambdaForm$MH+0x0000028c951a9000'
Event: 9.414 Thread 0x0000028cfc9ebe60 Unloading class 0x0000028c951a8c00 'java/lang/invoke/LambdaForm$MH+0x0000028c951a8c00'
Event: 9.414 Thread 0x0000028cfc9ebe60 Unloading class 0x0000028c951a8800 'java/lang/invoke/LambdaForm$BMH+0x0000028c951a8800'
Event: 9.414 Thread 0x0000028cfc9ebe60 Unloading class 0x0000028c951a8400 'java/lang/invoke/LambdaForm$DMH+0x0000028c951a8400'
Event: 9.414 Thread 0x0000028cfc9ebe60 Unloading class 0x0000028c951a3000 'java/lang/invoke/LambdaForm$DMH+0x0000028c951a3000'
Event: 29.090 Thread 0x0000028cfc9ebe60 Unloading class 0x0000028c95694c00 'java/lang/invoke/LambdaForm$DMH+0x0000028c95694c00'
Event: 29.090 Thread 0x0000028cfc9ebe60 Unloading class 0x0000028c95694800 'java/lang/invoke/LambdaForm$DMH+0x0000028c95694800'

Classes redefined (0 events):
No events

Internal exceptions (20 events):
Event: 454.231 Thread 0x0000028cdc24bb70 Exception <a 'sun/nio/fs/WindowsException'{0x00000000d567c5b0}> (0x00000000d567c5b0) 
thrown [s\src\hotspot\share\prims\jni.cpp, line 520]
Event: 454.232 Thread 0x0000028cdc24a7c0 Exception <a 'sun/nio/fs/WindowsException'{0x00000000d56785d0}> (0x00000000d56785d0) 
thrown [s\src\hotspot\share\prims\jni.cpp, line 520]
Event: 454.233 Thread 0x0000028cdc249410 Exception <a 'sun/nio/fs/WindowsException'{0x00000000d56757c0}> (0x00000000d56757c0) 
thrown [s\src\hotspot\share\prims\jni.cpp, line 520]
Event: 455.575 Thread 0x0000028cdc24bb70 Exception <a 'sun/nio/fs/WindowsException'{0x00000000d55968c0}> (0x00000000d55968c0) 
thrown [s\src\hotspot\share\prims\jni.cpp, line 520]
Event: 455.575 Thread 0x0000028cdc24bb70 Exception <a 'sun/nio/fs/WindowsException'{0x00000000d55973c8}> (0x00000000d55973c8) 
thrown [s\src\hotspot\share\prims\jni.cpp, line 520]
Event: 455.576 Thread 0x0000028cdc24bb70 Exception <a 'sun/nio/fs/WindowsException'{0x00000000d5598898}> (0x00000000d5598898) 
thrown [s\src\hotspot\share\prims\jni.cpp, line 520]
Event: 455.576 Thread 0x0000028cdc24bb70 Exception <a 'sun/nio/fs/WindowsException'{0x00000000d5599260}> (0x00000000d5599260) 
thrown [s\src\hotspot\share\prims\jni.cpp, line 520]
Event: 455.576 Thread 0x0000028cdc24bb70 Exception <a 'sun/nio/fs/WindowsException'{0x00000000d559a9e8}> (0x00000000d559a9e8) 
thrown [s\src\hotspot\share\prims\jni.cpp, line 520]
Event: 455.577 Thread 0x0000028cdc24bb70 Exception <a 'sun/nio/fs/WindowsException'{0x00000000d559b4f0}> (0x00000000d559b4f0) 
thrown [s\src\hotspot\share\prims\jni.cpp, line 520]
Event: 455.577 Thread 0x0000028cdc24bb70 Exception <a 'sun/nio/fs/WindowsException'{0x00000000d559c670}> (0x00000000d559c670) 
thrown [s\src\hotspot\share\prims\jni.cpp, line 520]
Event: 455.577 Thread 0x0000028cdc24bb70 Exception <a 'sun/nio/fs/WindowsException'{0x00000000d559d178}> (0x00000000d559d178) 
thrown [s\src\hotspot\share\prims\jni.cpp, line 520]
Event: 456.079 Thread 0x0000028cdc24bb70 Exception <a 'sun/nio/fs/WindowsException'{0x00000000d56259b8}> (0x00000000d56259b8) 
thrown [s\src\hotspot\share\prims\jni.cpp, line 520]
Event: 456.080 Thread 0x0000028cdc24bb70 Exception <a 'sun/nio/fs/WindowsException'{0x00000000d5626380}> (0x00000000d5626380) 
thrown [s\src\hotspot\share\prims\jni.cpp, line 520]
Event: 507.245 Thread 0x0000028cdc24bb70 Exception <a 'java/lang/NoSuchMethodError'{0x00000000d5653e88}: 'java.lang.Object java.lang.invoke.DirectMethodHandle$Holder.invokeStaticInit(java.lang.Object, java.lang.Object, java.lang.Object)'> (0x00000000d5653e88) 
thrown [s\src\hotspot\share\interpreter\linkResolver.cpp, line 773]
Event: 513.296 Thread 0x0000028cdc24bb70 Exception <a 'sun/nio/fs/WindowsException'{0x00000000d5637578}> (0x00000000d5637578) 
thrown [s\src\hotspot\share\prims\jni.cpp, line 520]
Event: 513.298 Thread 0x0000028cdc24bb70 Exception <a 'sun/nio/fs/WindowsException'{0x00000000d5638080}> (0x00000000d5638080) 
thrown [s\src\hotspot\share\prims\jni.cpp, line 520]
Event: 513.302 Thread 0x0000028cdc24bb70 Exception <a 'sun/nio/fs/WindowsException'{0x00000000d5639550}> (0x00000000d5639550) 
thrown [s\src\hotspot\share\prims\jni.cpp, line 520]
Event: 513.303 Thread 0x0000028cdc24bb70 Exception <a 'sun/nio/fs/WindowsException'{0x00000000d5639f18}> (0x00000000d5639f18) 
thrown [s\src\hotspot\share\prims\jni.cpp, line 520]
Event: 754.443 Thread 0x0000028cdc24a130 Exception <a 'sun/nio/fs/WindowsException'{0x00000000d55bcdf0}> (0x00000000d55bcdf0) 
thrown [s\src\hotspot\share\prims\jni.cpp, line 520]
Event: 754.449 Thread 0x0000028cdc24a130 Exception <a 'sun/nio/fs/WindowsException'{0x00000000d55bd8f8}> (0x00000000d55bd8f8) 
thrown [s\src\hotspot\share\prims\jni.cpp, line 520]

ZGC Phase Switch (0 events):
No events

VM Operations (20 events):
Event: 1262.476 Executing non-safepoint VM operation: HandshakeAllThreads (HandshakeForDeflation)
Event: 1262.482 Executing non-safepoint VM operation: HandshakeAllThreads (HandshakeForDeflation) done
Event: 1262.482 Executing non-safepoint VM operation: RendezvousGCThreads
Event: 1262.482 Executing non-safepoint VM operation: RendezvousGCThreads done
Event: 1322.653 Executing non-safepoint VM operation: HandshakeAllThreads (HandshakeForDeflation)
Event: 1322.655 Executing non-safepoint VM operation: HandshakeAllThreads (HandshakeForDeflation) done
Event: 1322.655 Executing non-safepoint VM operation: RendezvousGCThreads
Event: 1322.655 Executing non-safepoint VM operation: RendezvousGCThreads done
Event: 1382.876 Executing non-safepoint VM operation: HandshakeAllThreads (HandshakeForDeflation)
Event: 1382.877 Executing non-safepoint VM operation: HandshakeAllThreads (HandshakeForDeflation) done
Event: 1382.878 Executing non-safepoint VM operation: RendezvousGCThreads
Event: 1382.878 Executing non-safepoint VM operation: RendezvousGCThreads done
Event: 1443.050 Executing non-safepoint VM operation: HandshakeAllThreads (HandshakeForDeflation)
Event: 1443.054 Executing non-safepoint VM operation: HandshakeAllThreads (HandshakeForDeflation) done
Event: 1443.054 Executing non-safepoint VM operation: RendezvousGCThreads
Event: 1443.054 Executing non-safepoint VM operation: RendezvousGCThreads done
Event: 1503.337 Executing non-safepoint VM operation: HandshakeAllThreads (HandshakeForDeflation)
Event: 1503.365 Executing non-safepoint VM operation: HandshakeAllThreads (HandshakeForDeflation) done
Event: 1503.367 Executing non-safepoint VM operation: RendezvousGCThreads
Event: 1503.368 Executing non-safepoint VM operation: RendezvousGCThreads done

Memory protections (0 events):
No events

Nmethod flushes (20 events):
Event: 29.184 Thread 0x0000028cfc9ebe60 flushing  nmethod 0x0000028c80a09090
Event: 29.184 Thread 0x0000028cfc9ebe60 flushing  nmethod 0x0000028c80a09610
Event: 29.184 Thread 0x0000028cfc9ebe60 flushing  nmethod 0x0000028c80a09a10
Event: 29.184 Thread 0x0000028cfc9ebe60 flushing  nmethod 0x0000028c80a09f90
Event: 29.184 Thread 0x0000028cfc9ebe60 flushing  nmethod 0x0000028c80a0dd90
Event: 29.184 Thread 0x0000028cfc9ebe60 flushing  nmethod 0x0000028c80a15c90
Event: 29.184 Thread 0x0000028cfc9ebe60 flushing  nmethod 0x0000028c80a28d90
Event: 29.184 Thread 0x0000028cfc9ebe60 flushing  nmethod 0x0000028c80a29390
Event: 29.184 Thread 0x0000028cfc9ebe60 flushing  nmethod 0x0000028c80a31190
Event: 29.184 Thread 0x0000028cfc9ebe60 flushing  nmethod 0x0000028c80a39a10
Event: 29.184 Thread 0x0000028cfc9ebe60 flushing  nmethod 0x0000028c80a60110
Event: 29.184 Thread 0x0000028cfc9ebe60 flushing  nmethod 0x0000028c80a60590
Event: 29.184 Thread 0x0000028cfc9ebe60 flushing  nmethod 0x0000028c80a60b10
Event: 29.184 Thread 0x0000028cfc9ebe60 flushing  nmethod 0x0000028c80a62b90
Event: 29.184 Thread 0x0000028cfc9ebe60 flushing  nmethod 0x0000028c80a63290
Event: 29.184 Thread 0x0000028cfc9ebe60 flushing  nmethod 0x0000028c80a65310
Event: 29.184 Thread 0x0000028cfc9ebe60 flushing  nmethod 0x0000028c80a65810
Event: 29.184 Thread 0x0000028cfc9ebe60 flushing  nmethod 0x0000028c80a66010
Event: 29.184 Thread 0x0000028cfc9ebe60 flushing  nmethod 0x0000028c80a8fb10
Event: 29.184 Thread 0x0000028cfc9ebe60 flushing  nmethod 0x0000028c80a90590

Events (20 events):
Event: 515.567 Thread 0x0000028cdc24c890 Thread exited: 0x0000028cdc24c890
Event: 517.956 Thread 0x0000028cda1aad80 Thread exited: 0x0000028cda1aad80
Event: 573.396 Thread 0x0000028cdc24bb70 Thread exited: 0x0000028cdc24bb70
Event: 573.399 Thread 0x0000028cda1ad4e0 Thread exited: 0x0000028cda1ad4e0
Event: 574.275 Thread 0x0000028cdc2486f0 Thread exited: 0x0000028cdc2486f0
Event: 633.384 Thread 0x0000028cdc248d80 Thread exited: 0x0000028cdc248d80
Event: 634.296 Thread 0x0000028cdc249410 Thread exited: 0x0000028cdc249410
Event: 694.318 Thread 0x0000028cdc249aa0 Thread exited: 0x0000028cdc249aa0
Event: 754.331 Thread 0x0000028cdc24a130 Thread added: 0x0000028cdc249aa0
Event: 754.367 Thread 0x0000028cdc249aa0 Thread exited: 0x0000028cdc249aa0
Event: 754.462 Thread 0x0000028cdc24a130 Thread added: 0x0000028cdc248d80
Event: 754.465 Thread 0x0000028cdc248d80 Thread added: 0x0000028cdc24bb70
Event: 754.466 Thread 0x0000028cdc248d80 Thread added: 0x0000028cdc249410
Event: 754.467 Thread 0x0000028cdc249410 Thread exited: 0x0000028cdc249410
Event: 754.467 Thread 0x0000028cdc248d80 Thread exited: 0x0000028cdc248d80
Event: 754.467 Thread 0x0000028cdc24bb70 Thread exited: 0x0000028cdc24bb70
Event: 754.785 Thread 0x0000028cdc24cf20 Thread exited: 0x0000028cdc24cf20
Event: 755.198 Thread 0x0000028cdc24f680 Thread exited: 0x0000028cdc24f680
Event: 755.229 Thread 0x0000028cdc24d5b0 Thread exited: 0x0000028cdc24d5b0
Event: 755.568 Thread 0x0000028cdc24e960 Thread exited: 0x0000028cdc24e960


Dynamic libraries:
0x00007ff6fe740000 - 0x00007ff6fe74e000 	c:\Users\kaikb\.vscode\extensions\redhat.java-1.53.0-win32-x64\jre\21.0.10-win32-x86_64\bin\java.exe
0x00007ffff82a0000 - 0x00007ffff8508000 	C:\WINDOWS\SYSTEM32\ntdll.dll
0x00007ffff7060000 - 0x00007ffff7129000 	C:\WINDOWS\System32\KERNEL32.DLL
0x00007ffff4c40000 - 0x00007ffff5031000 	C:\WINDOWS\System32\KERNELBASE.dll
0x00007ffff5ef0000 - 0x00007ffff603b000 	C:\WINDOWS\System32\ucrtbase.dll
0x00007fffcbfb0000 - 0x00007fffcbfc8000 	c:\Users\kaikb\.vscode\extensions\redhat.java-1.53.0-win32-x64\jre\21.0.10-win32-x86_64\bin\jli.dll
0x00007ffff7cc0000 - 0x00007ffff7e86000 	C:\WINDOWS\System32\USER32.dll
0x00007ffff5180000 - 0x00007ffff51a7000 	C:\WINDOWS\System32\win32u.dll
0x00007ffff6040000 - 0x00007ffff606b000 	C:\WINDOWS\System32\GDI32.dll
0x00007ffff53d0000 - 0x00007ffff54fb000 	C:\WINDOWS\System32\gdi32full.dll
0x00007ffff5040000 - 0x00007ffff50e3000 	C:\WINDOWS\System32\msvcp_win.dll
0x00007fffc1290000 - 0x00007fffc12ae000 	c:\Users\kaikb\.vscode\extensions\redhat.java-1.53.0-win32-x64\jre\21.0.10-win32-x86_64\bin\VCRUNTIME140.dll
0x00007fffdeb60000 - 0x00007fffdedf3000 	C:\WINDOWS\WinSxS\amd64_microsoft.windows.common-controls_6595b64144ccf1df_6.0.26100.7824_none_3e0870b2e3345462\COMCTL32.dll
0x00007ffff7c00000 - 0x00007ffff7ca9000 	C:\WINDOWS\System32\msvcrt.dll
0x00007ffff8220000 - 0x00007ffff8251000 	C:\WINDOWS\System32\IMM32.DLL
0x00007fffcbfa0000 - 0x00007fffcbfac000 	c:\Users\kaikb\.vscode\extensions\redhat.java-1.53.0-win32-x64\jre\21.0.10-win32-x86_64\bin\vcruntime140_1.dll
0x00007fffaeac0000 - 0x00007fffaeb4d000 	c:\Users\kaikb\.vscode\extensions\redhat.java-1.53.0-win32-x64\jre\21.0.10-win32-x86_64\bin\msvcp140.dll
0x00007fff5d150000 - 0x00007fff5def1000 	c:\Users\kaikb\.vscode\extensions\redhat.java-1.53.0-win32-x64\jre\21.0.10-win32-x86_64\bin\server\jvm.dll
0x00007ffff7860000 - 0x00007ffff7914000 	C:\WINDOWS\System32\ADVAPI32.dll
0x00007ffff7b50000 - 0x00007ffff7bf6000 	C:\WINDOWS\System32\sechost.dll
0x00007ffff7920000 - 0x00007ffff7a38000 	C:\WINDOWS\System32\RPCRT4.dll
0x00007ffff7a40000 - 0x00007ffff7ab4000 	C:\WINDOWS\System32\WS2_32.dll
0x00007ffff49e0000 - 0x00007ffff4a3e000 	C:\WINDOWS\SYSTEM32\POWRPROF.dll
0x00007fffe6100000 - 0x00007fffe6135000 	C:\WINDOWS\SYSTEM32\WINMM.dll
0x00007fffee170000 - 0x00007fffee17b000 	C:\WINDOWS\SYSTEM32\VERSION.dll
0x00007ffff49c0000 - 0x00007ffff49d4000 	C:\WINDOWS\SYSTEM32\UMPDC.dll
0x00007ffff3900000 - 0x00007ffff391b000 	C:\WINDOWS\SYSTEM32\kernel.appcore.dll
0x00007fffc1280000 - 0x00007fffc128a000 	c:\Users\kaikb\.vscode\extensions\redhat.java-1.53.0-win32-x64\jre\21.0.10-win32-x86_64\bin\jimage.dll
0x00007ffff2ad0000 - 0x00007ffff2d12000 	C:\WINDOWS\SYSTEM32\DBGHELP.DLL
0x00007ffff7320000 - 0x00007ffff76a6000 	C:\WINDOWS\System32\combase.dll
0x00007ffff7240000 - 0x00007ffff7317000 	C:\WINDOWS\System32\OLEAUT32.dll
0x00007fffd2150000 - 0x00007fffd218b000 	C:\WINDOWS\SYSTEM32\dbgcore.DLL
0x00007ffff51b0000 - 0x00007ffff5255000 	C:\WINDOWS\System32\bcryptPrimitives.dll
0x00007fffc1020000 - 0x00007fffc102f000 	c:\Users\kaikb\.vscode\extensions\redhat.java-1.53.0-win32-x64\jre\21.0.10-win32-x86_64\bin\instrument.dll
0x00007fffc09a0000 - 0x00007fffc09c0000 	c:\Users\kaikb\.vscode\extensions\redhat.java-1.53.0-win32-x64\jre\21.0.10-win32-x86_64\bin\java.dll
0x00007ffff6250000 - 0x00007ffff69a2000 	C:\WINDOWS\System32\SHELL32.dll
0x00007ffff5260000 - 0x00007ffff53ca000 	C:\WINDOWS\System32\wintypes.dll
0x00007ffff5680000 - 0x00007ffff5ee3000 	C:\WINDOWS\System32\windows.storage.dll
0x00007ffff6f60000 - 0x00007ffff7056000 	C:\WINDOWS\System32\SHCORE.dll
0x00007ffff7e90000 - 0x00007ffff7ef7000 	C:\WINDOWS\System32\shlwapi.dll
0x00007ffff4aa0000 - 0x00007ffff4ac9000 	C:\WINDOWS\SYSTEM32\profapi.dll
0x00007fffbb000000 - 0x00007fffbb018000 	c:\Users\kaikb\.vscode\extensions\redhat.java-1.53.0-win32-x64\jre\21.0.10-win32-x86_64\bin\zip.dll
0x00007fffc1170000 - 0x00007fffc1180000 	C:\Users\kaikb\.vscode\extensions\redhat.java-1.53.0-win32-x64\jre\21.0.10-win32-x86_64\bin\net.dll
0x00007fffe97e0000 - 0x00007fffe9907000 	C:\WINDOWS\SYSTEM32\WINHTTP.dll
0x00007ffff3e90000 - 0x00007ffff3efb000 	C:\WINDOWS\system32\mswsock.dll
0x00007fffbca80000 - 0x00007fffbca96000 	C:\Users\kaikb\.vscode\extensions\redhat.java-1.53.0-win32-x64\jre\21.0.10-win32-x86_64\bin\nio.dll
0x00007fffc0fe0000 - 0x00007fffc0ff0000 	c:\Users\kaikb\.vscode\extensions\redhat.java-1.53.0-win32-x64\jre\21.0.10-win32-x86_64\bin\verify.dll
0x00007fffa3200000 - 0x00007fffa3245000 	C:\Users\kaikb\AppData\Roaming\Code\User\globalStorage\redhat.java\1.53.0\config_win\org.eclipse.equinox.launcher\org.eclipse.equinox.launcher.win32.win32.x86_64_1.3.0.v20260203-2149\eclipse_11919.dll
0x00007ffff7f80000 - 0x00007ffff8117000 	C:\WINDOWS\System32\ole32.dll
0x00007ffff4170000 - 0x00007ffff418b000 	C:\WINDOWS\SYSTEM32\CRYPTSP.dll
0x00007ffff3850000 - 0x00007ffff3889000 	C:\WINDOWS\system32\rsaenh.dll
0x00007ffff3f40000 - 0x00007ffff3f6b000 	C:\WINDOWS\SYSTEM32\USERENV.dll
0x00007ffff4a70000 - 0x00007ffff4a9a000 	C:\WINDOWS\SYSTEM32\bcrypt.dll
0x00007ffff4160000 - 0x00007ffff416c000 	C:\WINDOWS\SYSTEM32\CRYPTBASE.dll
0x00007ffff32f0000 - 0x00007ffff3324000 	C:\WINDOWS\SYSTEM32\IPHLPAPI.DLL
0x00007ffff7cb0000 - 0x00007ffff7cba000 	C:\WINDOWS\System32\NSI.dll
0x00007fffa2190000 - 0x00007fffa21d9000 	C:\Users\kaikb\AppData\Local\Temp\jna-101810794\jna4792607203968265289.dll
0x00007ffff76b0000 - 0x00007ffff76b8000 	C:\WINDOWS\System32\PSAPI.DLL
0x00007fffe97b0000 - 0x00007fffe97ce000 	C:\WINDOWS\SYSTEM32\dhcpcsvc6.DLL
0x00007fffe9780000 - 0x00007fffe97a3000 	C:\WINDOWS\SYSTEM32\dhcpcsvc.DLL

JVMTI agents:
c:\Users\kaikb\.vscode\extensions\redhat.java-1.53.0-win32-x64\lombok\lombok-1.18.39-4050.jar path:c:\Users\kaikb\.vscode\extensions\redhat.java-1.53.0-win32-x64\jre\21.0.10-win32-x86_64\bin\instrument.dll, loaded, initialized, instrumentlib options:none

dbghelp: loaded successfully - version: 4.0.5 - missing functions: none
symbol engine: initialized successfully - sym options: 0x614 - pdb path: .;c:\Users\kaikb\.vscode\extensions\redhat.java-1.53.0-win32-x64\jre\21.0.10-win32-x86_64\bin;C:\WINDOWS\SYSTEM32;C:\WINDOWS\WinSxS\amd64_microsoft.windows.common-controls_6595b64144ccf1df_6.0.26100.7824_none_3e0870b2e3345462;c:\Users\kaikb\.vscode\extensions\redhat.java-1.53.0-win32-x64\jre\21.0.10-win32-x86_64\bin\server;C:\Users\kaikb\AppData\Roaming\Code\User\globalStorage\redhat.java\1.53.0\config_win\org.eclipse.equinox.launcher\org.eclipse.equinox.launcher.win32.win32.x86_64_1.3.0.v20260203-2149;C:\Users\kaikb\AppData\Local\Temp\jna-101810794

VM Arguments:
jvm_args: --add-modules=ALL-SYSTEM --add-opens=java.base/java.util=ALL-UNNAMED --add-opens=java.base/java.lang=ALL-UNNAMED --add-opens=java.base/sun.nio.fs=ALL-UNNAMED -Declipse.application=org.eclipse.jdt.ls.core.id1 -Dosgi.bundles.defaultStartLevel=4 -Declipse.product=org.eclipse.jdt.ls.core.product -Djava.import.generatesMetadataFilesAtProjectRoot=false -DDetectVMInstallationsJob.disabled=true -Dfile.encoding=utf8 -XX:+UseParallelGC -XX:GCTimeRatio=4 -XX:AdaptiveSizePolicyWeight=90 -Dsun.zip.disableMemoryMapping=true -Xmx2G -Xms100m -Xlog:disable -javaagent:c:\Users\kaikb\.vscode\extensions\redhat.java-1.53.0-win32-x64\lombok\lombok-1.18.39-4050.jar -XX:+HeapDumpOnOutOfMemoryError -XX:HeapDumpPath=c:\Users\kaikb\AppData\Roaming\Code\User\workspaceStorage\486efe4bdc82c96f51abd92b0f0f0a63\redhat.java -Daether.dependencyCollector.impl=bf 
java_command: c:\Users\kaikb\.vscode\extensions\redhat.java-1.53.0-win32-x64\server\plugins\org.eclipse.equinox.launcher_1.7.100.v20251111-0406.jar -configuration c:\Users\kaikb\AppData\Roaming\Code\User\globalStorage\redhat.java\1.53.0\config_win -data c:\Users\kaikb\AppData\Roaming\Code\User\workspaceStorage\486efe4bdc82c96f51abd92b0f0f0a63\redhat.java\jdt_ws --pipe=\\.\pipe\lsp-555e0bff55b478f945c05950f0b54721-sock
java_class_path (initial): c:\Users\kaikb\.vscode\extensions\redhat.java-1.53.0-win32-x64\server\plugins\org.eclipse.equinox.launcher_1.7.100.v20251111-0406.jar
Launcher Type: SUN_STANDARD

[Global flags]
    uintx AdaptiveSizePolicyWeight                 = 90                                        {product} {command line}
     intx CICompilerCount                          = 3                                         {product} {ergonomic}
    uintx GCTimeRatio                              = 4                                         {product} {command line}
     bool HeapDumpOnOutOfMemoryError               = true                                   {manageable} {command line}
    ccstr HeapDumpPath                             = c:\Users\kaikb\AppData\Roaming\Code\User\workspaceStorage\486efe4bdc82c96f51abd92b0f0f0a63\redhat.java         {manageable} {command line}
   size_t InitialHeapSize                          = 104857600                                 {product} {command line}
   size_t MaxHeapSize                              = 2147483648                                {product} {command line}
   size_t MaxNewSize                               = 715653120                                 {product} {ergonomic}
   size_t MinHeapDeltaBytes                        = 524288                                    {product} {ergonomic}
   size_t MinHeapSize                              = 104857600                                 {product} {command line}
   size_t NewSize                                  = 34603008                                  {product} {ergonomic}
    uintx NonNMethodCodeHeapSize                   = 5832780                                {pd product} {ergonomic}
    uintx NonProfiledCodeHeapSize                  = 122912730                              {pd product} {ergonomic}
   size_t OldSize                                  = 70254592                                  {product} {ergonomic}
    uintx ProfiledCodeHeapSize                     = 122912730                              {pd product} {ergonomic}
    uintx ReservedCodeCacheSize                    = 251658240                              {pd product} {ergonomic}
     bool SegmentedCodeCache                       = true                                      {product} {ergonomic}
   size_t SoftMaxHeapSize                          = 2147483648                             {manageable} {ergonomic}
     bool UseCompressedOops                        = true                           {product lp64_product} {ergonomic}
     bool UseLargePagesIndividualAllocation        = false                                  {pd product} {ergonomic}
     bool UseParallelGC                            = true                                      {product} {command line}

Logging:
Log output configuration:
 #0: stdout all=off uptime,level,tags foldmultilines=false
 #1: stderr all=off uptime,level,tags foldmultilines=false

Release file:
JAVA_VERSION="21.0.10" 
MODULES="java.base java.compiler java.datatransfer java.xml java.prefs java.desktop java.instrument java.logging java.management java.security.sasl java.naming java.rmi java.management.rmi java.net.http java.scripting java.security.jgss java.transaction.xa java.sql java.sql.rowset java.xml.crypto java.se java.smartcardio jdk.accessibility jdk.internal.jvmstat jdk.attach jdk.charsets jdk.internal.opt jdk.zipfs jdk.compiler jdk.crypto.ec jdk.crypto.cryptoki jdk.crypto.mscapi jdk.dynalink jdk.internal.ed jdk.editpad jdk.hotspot.agent jdk.httpserver jdk.internal.le jdk.internal.vm.ci jdk.internal.vm.compiler jdk.internal.vm.compiler.management jdk.jartool jdk.javadoc jdk.jcmd jdk.management jdk.management.agent jdk.jconsole jdk.jdeps jdk.jdwp.agent jdk.jdi jdk.jfr jdk.jshell jdk.jsobject jdk.jstatd jdk.localedata jdk.management.jfr jdk.naming.dns jdk.naming.rmi jdk.net jdk.nio.mapmode jdk.random jdk.sctp jdk.security.auth jdk.security.jgss jdk.unsupported jdk.unsupported.desktop jdk.xml.dom" 

Environment Variables:
PATH=C:\Users\kaikb\AppData\Local\Programs\Microsoft VS Code;C:\Program Files\Eclipse Adoptium\jdk-25.0.2.10-hotspot\bin;C:\WINDOWS\system32;C:\WINDOWS;C:\WINDOWS\System32\Wbem;C:\WINDOWS\System32\WindowsPowerShell\v1.0\;C:\WINDOWS\System32\OpenSSH\;C:\Program Files\Microsoft SQL Server\150\Tools\Binn\;C:\Program Files\dotnet\;C:\maven\bin;C:\Program Files\Git\cmd;C:\Users\kaikb\AppData\Local\Microsoft\WindowsApps;C:\Program Files\JetBrains\IntelliJ IDEA Community Edition 2025.2.4\bin;C:\Users\kaikb\AppData\Local\Programs\Microsoft VS Code\bin
USERNAME=kaikb
OS=Windows_NT
PROCESSOR_IDENTIFIER=Intel64 Family 6 Model 142 Stepping 12, GenuineIntel
TMP=C:\Users\kaikb\AppData\Local\Temp
TEMP=C:\Users\kaikb\AppData\Local\Temp




Periodic native trim disabled

---------------  S Y S T E M  ---------------

OS:
 Windows 11 , 64 bit Build 26100 (10.0.26100.7705)
OS uptime: 1 days 4:42 hours
Hyper-V role detected

CPU: total 4 (initial active 4) (2 cores per cpu, 2 threads per core) family 6 model 142 stepping 12 microcode 0xde, cx8, cmov, fxsr, ht, mmx, 3dnowpref, sse, sse2, sse3, ssse3, sse4.1, sse4.2, popcnt, lzcnt, tsc, tscinvbit, avx, avx2, aes, erms, clmul, bmi1, bmi2, adx, fma, vzeroupper, clflush, clflushopt, hv, rdtscp, f16c
Processor Information for the first 4 processors :
  Max Mhz: 2501, Current Mhz: 2501, Mhz Limit: 2501

Memory: 4k page, system-wide physical 3953M (139M free)
TotalPageFile size 11858M (AvailPageFile size 4M)
current process WorkingSet (physical memory assigned to process): 6M, peak: 329M
current process commit charge ("private bytes"): 701M, peak: 702M

vm_info: OpenJDK 64-Bit Server VM (21.0.10+7-LTS) for windows-amd64 JRE (21.0.10+7-LTS), built on 2026-01-20T00:00:00Z by "admin" with MS VC++ 17.12 (VS2022)

END.
